# JRE version: OpenJDK Runtime Environment Microsoft-7208460 (11.0.18+10) (build 11.0.18+10-LTS)
# Java VM: OpenJDK 64-Bit Server VM Microsoft-7208460 (11.0.18+10-LTS, mixed mode, tiered, compressed oops, g1 gc, windows-amd64)
Heap:
 garbage-first heap   total 193536K, used 90262K [0x0000000080000000, 0x0000000100000000)
  region size 1024K, 12 young (12288K), 3 survivors (3072K)
 Metaspace       used 88425K, capacity 91099K, committed 91344K, reserved 595968K
  class space    used 11415K, capacity 12405K, committed 12416K, reserved 516096K
GC Heap History (20 events):
Event: 132.564 GC heap before
{Heap before GC invocations=44 (full 0):
 garbage-first heap   total 89088K, used 72053K [0x0000000080000000, 0x0000000100000000)
  region size 1024K, 19 young (19456K), 2 survivors (2048K)
 Metaspace       used 69737K, capacity 71962K, committed 72272K, reserved 579584K
  class space    used 9019K, capacity 9912K, committed 9984K, reserved 516096K
}
Event: 132.575 GC heap after
{Heap after GC invocations=45 (full 0):
 garbage-first heap   total 107520K, used 56864K [0x0000000080000000, 0x0000000100000000)
  region size 1024K, 3 young (3072K), 3 survivors (3072K)
 Metaspace       used 69737K, capacity 71962K, committed 72272K, reserved 579584K
  class space    used 9019K, capacity 9912K, committed 9984K, reserved 516096K
}
Event: 134.143 GC heap before
{Heap before GC invocations=45 (full 0):
 garbage-first heap   total 107520K, used 77344K [0x0000000080000000, 0x0000000100000000)
  region size 1024K, 24 young (24576K), 3 survivors (3072K)
 Metaspace       used 70476K, capacity 72691K, committed 72784K, reserved 579584K
  class space    used 9078K, capacity 9931K, committed 9984K, reserved 516096K
}
Event: 134.170 GC heap after
{Heap after GC invocations=46 (full 0):
 garbage-first heap   total 107520K, used 57912K [0x0000000080000000, 0x0000000100000000)
  region size 1024K, 1 young (1024K), 1 survivors (1024K)
 Metaspace       used 70476K, capacity 72691K, committed 72784K, reserved 579584K
  class space    used 9078K, capacity 9931K, committed 9984K, reserved 516096K
}
Event: 135.409 GC heap before
{Heap before GC invocations=47 (full 0):
 garbage-first heap   total 107520K, used 66104K [0x0000000080000000, 0x0000000100000000)
  region size 1024K, 9 young (9216K), 1 survivors (1024K)
 Metaspace       used 70506K, capacity 72745K, committed 73040K, reserved 579584K
  class space    used 9079K, capacity 9929K, committed 9984K, reserved 516096K
}
Event: 135.537 GC heap after
{Heap after GC invocations=48 (full 0):
 garbage-first heap   total 107520K, used 64222K [0x0000000080000000, 0x0000000100000000)
  region size 1024K, 3 young (3072K), 3 survivors (3072K)
 Metaspace       used 70506K, capacity 72745K, committed 73040K, reserved 579584K
  class space    used 9079K, capacity 9929K, committed 9984K, reserved 516096K
}
Event: 136.895 GC heap before
{Heap before GC invocations=49 (full 0):
 garbage-first heap   total 107520K, used 82654K [0x0000000080000000, 0x0000000100000000)
  region size 1024K, 19 young (19456K), 3 survivors (3072K)
 Metaspace       used 71645K, capacity 74038K, committed 74320K, reserved 581632K
  class space    used 9219K, capacity 10141K, committed 10240K, reserved 516096K
}
Event: 136.913 GC heap after
{Heap after GC invocations=50 (full 0):
 garbage-first heap   total 107520K, used 68032K [0x0000000080000000, 0x0000000100000000)
  region size 1024K, 2 young (2048K), 2 survivors (2048K)
 Metaspace       used 71645K, capacity 74038K, committed 74320K, reserved 581632K
  class space    used 9219K, capacity 10141K, committed 10240K, reserved 516096K
}
Event: 137.859 GC heap before
{Heap before GC invocations=50 (full 0):
 garbage-first heap   total 107520K, used 82368K [0x0000000080000000, 0x0000000100000000)
  region size 1024K, 17 young (17408K), 2 survivors (2048K)
 Metaspace       used 73654K, capacity 76083K, committed 76368K, reserved 583680K
  class space    used 9479K, capacity 10440K, committed 10496K, reserved 516096K
}
Event: 137.869 GC heap after
{Heap after GC invocations=51 (full 0):
 garbage-first heap   total 146432K, used 68629K [0x0000000080000000, 0x0000000100000000)
  region size 1024K, 3 young (3072K), 3 survivors (3072K)
 Metaspace       used 73654K, capacity 76083K, committed 76368K, reserved 583680K
  class space    used 9479K, capacity 10440K, committed 10496K, reserved 516096K
}
Event: 139.605 GC heap before
{Heap before GC invocations=52 (full 0):
 garbage-first heap   total 146432K, used 96277K [0x0000000080000000, 0x0000000100000000)
  region size 1024K, 31 young (31744K), 3 survivors (3072K)
 Metaspace       used 78040K, capacity 80502K, committed 80592K, reserved 587776K
  class space    used 9942K, capacity 10867K, committed 10880K, reserved 516096K
}
Event: 139.619 GC heap after
{Heap after GC invocations=53 (full 0):
 garbage-first heap   total 146432K, used 69562K [0x0000000080000000, 0x0000000100000000)
  region size 1024K, 2 young (2048K), 2 survivors (2048K)
 Metaspace       used 78040K, capacity 80502K, committed 80592K, reserved 587776K
  class space    used 9942K, capacity 10867K, committed 10880K, reserved 516096K
}
Event: 141.976 GC heap before
{Heap before GC invocations=53 (full 0):
 garbage-first heap   total 146432K, used 103354K [0x0000000080000000, 0x0000000100000000)
  region size 1024K, 36 young (36864K), 2 survivors (2048K)
 Metaspace       used 81832K, capacity 84286K, committed 84432K, reserved 589824K
  class space    used 10384K, capacity 11335K, committed 11392K, reserved 516096K
}
Event: 142.032 GC heap after
{Heap after GC invocations=54 (full 0):
 garbage-first heap   total 146432K, used 73304K [0x0000000080000000, 0x0000000100000000)
  region size 1024K, 5 young (5120K), 5 survivors (5120K)
 Metaspace       used 81832K, capacity 84286K, committed 84432K, reserved 589824K
  class space    used 10384K, capacity 11335K, committed 11392K, reserved 516096K
}
Event: 148.496 GC heap before
{Heap before GC invocations=55 (full 0):
 garbage-first heap   total 146432K, used 108120K [0x0000000080000000, 0x0000000100000000)
  region size 1024K, 38 young (38912K), 5 survivors (5120K)
 Metaspace       used 83482K, capacity 86016K, committed 86224K, reserved 591872K
  class space    used 10631K, capacity 11590K, committed 11648K, reserved 516096K
}
Event: 148.675 GC heap after
{Heap after GC invocations=56 (full 0):
 garbage-first heap   total 146432K, used 76360K [0x0000000080000000, 0x0000000100000000)
  region size 1024K, 3 young (3072K), 3 survivors (3072K)
 Metaspace       used 83482K, capacity 86016K, committed 86224K, reserved 591872K
  class space    used 10631K, capacity 11590K, committed 11648K, reserved 516096K
}
Event: 234.476 GC heap before
{Heap before GC invocations=56 (full 0):
 garbage-first heap   total 146432K, used 110152K [0x0000000080000000, 0x0000000100000000)
  region size 1024K, 36 young (36864K), 3 survivors (3072K)
 Metaspace       used 83962K, capacity 86683K, committed 86864K, reserved 591872K
  class space    used 10691K, capacity 11682K, committed 11776K, reserved 516096K
}
Event: 234.709 GC heap after
{Heap after GC invocations=57 (full 0):
 garbage-first heap   total 146432K, used 79739K [0x0000000080000000, 0x0000000100000000)
  region size 1024K, 4 young (4096K), 4 survivors (4096K)
 Metaspace       used 83962K, capacity 86683K, committed 86864K, reserved 591872K
  class space    used 10691K, capacity 11682K, committed 11776K, reserved 516096K
}
Event: 237.585 GC heap before
{Heap before GC invocations=58 (full 0):
 garbage-first heap   total 146432K, used 112507K [0x0000000080000000, 0x0000000100000000)
  region size 1024K, 36 young (36864K), 4 survivors (4096K)
 Metaspace       used 87450K, capacity 90088K, committed 90192K, reserved 595968K
  class space    used 11255K, capacity 12239K, committed 12288K, reserved 516096K
}
Event: 237.666 GC heap after
{Heap after GC invocations=59 (full 0):
 garbage-first heap   total 193536K, used 82070K [0x0000000080000000, 0x0000000100000000)
  region size 1024K, 3 young (3072K), 3 survivors (3072K)
 Metaspace       used 87450K, capacity 90088K, committed 90192K, reserved 595968K
  class space    used 11255K, capacity 12239K, committed 12288K, reserved 516096K
}

